<?xml version="1.0" encoding="UTF-8"?>
<!-- Generated by org.testng.reporters.JUnitReportReporter -->
<testsuite hostname="DESKTOP-DQ564GQ" failures="0" tests="3" name="Testcases.LoginTest" time="70.476" errors="0" timestamp="24 Apr 2023 09:48:23 GMT" skipped="0">
  <testcase classname="Testcases.LoginTest" name="Test2" time="24.876"/>
  <testcase classname="Testcases.LoginTest" name="test4" time="22.252"/>
  <testcase classname="Testcases.LoginTest" name="test1" time="23.348"/>
</testsuite> <!-- Testcases.LoginTest -->
