<?xml version="1.0" encoding="UTF-8"?>
<!-- Generated by org.testng.reporters.JUnitReportReporter -->
<testsuite hostname="DESKTOP-DQ564GQ" failures="0" tests="1" name="Testcases.GridExample" time="3.300" errors="0" timestamp="08 May 2023 15:21:23 GMT" skipped="0">
  <testcase classname="Testcases.GridExample" name="testgrid" time="3.300"/>
</testsuite> <!-- Testcases.GridExample -->
