<?xml version="1.0" encoding="UTF-8"?>
<!-- Generated by org.testng.reporters.JUnitReportReporter -->
<testsuite hostname="DESKTOP-DQ564GQ" failures="0" tests="3" name="Testcases.LoginTest" time="53.387" errors="0" timestamp="25 Apr 2023 17:09:39 GMT" skipped="0">
  <testcase classname="Testcases.LoginTest" name="Test2" time="17.602"/>
  <testcase classname="Testcases.LoginTest" name="test1" time="18.096"/>
  <testcase classname="Testcases.LoginTest" name="test4" time="17.689"/>
</testsuite> <!-- Testcases.LoginTest -->
