<?xml version="1.0" encoding="UTF-8"?>
<!-- Generated by org.testng.reporters.JUnitReportReporter -->
<testsuite skipped="0" hostname="DESKTOP-DQ564GQ" name="Testcases.LoginTest" tests="3" failures="0" timestamp="07 May 2023 17:23:09 GMT" time="62.979" errors="0">
  <testcase name="test4" time="19.679" classname="Testcases.LoginTest"/>
  <testcase name="test1" time="21.634" classname="Testcases.LoginTest"/>
  <testcase name="Test2" time="21.666" classname="Testcases.LoginTest"/>
</testsuite> <!-- Testcases.LoginTest -->
